*tiktok.com
*tiktokv.com

*spotify.com
adeventtracker.spotify.com
analytics.spotify.com
crashdump.spotify.com
heads-ec.spotify.com
log.spotify.com
spclient.wg.spotify.com

yt3.ggpht.com
*youtube.com
i.ytimg.com
youtubei.googleapis.com
yt3.ggpht.com
yt3.googleusercontent.com
m.youtube.com
google.com
googleapis.com
gstatic.com
play.google.com
s.youtube.com
www.youtube.com
youtu.be
connectivitycheck.gstatic.com

admin.instagram.com
api.instagram.com
autodiscover.instagram.com
blog.instagram.com
business.instagram.com
community.instagram.com
developers.instagram.com
help.instagram.com
hyperlapse.instagram.com
instagram.com
i.instagram.com
l.instagram.com
maps.instagram.com
upload.instagram.com

*ficbook.net
grok.com
